<?xml version="1.0" encoding="UTF-8"?>
<testng-results ignored="0" total="4" passed="4" failed="0" skipped="0">
  <reporter-output>
    <line>
      <![CDATA[Clicked on Image Link]]>
    </line>
  </reporter-output>
  <suite started-at="2024-06-25T07:55:41 IST" name="AutomationSuite" finished-at="2024-06-25T07:56:20 IST" duration-ms="39465">
    <groups>
    </groups>
    <test started-at="2024-06-25T07:55:41 IST" name="AutomationTest" finished-at="2024-06-25T07:56:20 IST" duration-ms="39465">
      <class name="testNGpack.LinksTesting1">
        <test-method is-config="true" signature="setup()[pri:0, instance:testNGpack.LinksTesting1@3c7f66c4]" started-at="2024-06-25T07:55:41 IST" name="setup" finished-at="2024-06-25T07:55:46 IST" duration-ms="5028" status="PASS">
          <reporter-output>
          </reporter-output>
        </test-method> <!-- setup -->
        <test-method signature="linktesting1()[pri:0, instance:testNGpack.LinksTesting1@3c7f66c4]" started-at="2024-06-25T07:55:46 IST" name="linktesting1" finished-at="2024-06-25T07:55:49 IST" duration-ms="2902" status="PASS">
          <reporter-output>
            <line>
              <![CDATA[Clicked on Image Link]]>
            </line>
          </reporter-output>
        </test-method> <!-- linktesting1 -->
        <test-method is-config="true" signature="tearDown()[pri:0, instance:testNGpack.LinksTesting1@3c7f66c4]" started-at="2024-06-25T07:55:49 IST" name="tearDown" finished-at="2024-06-25T07:55:50 IST" duration-ms="1415" status="PASS">
          <reporter-output>
          </reporter-output>
        </test-method> <!-- tearDown -->
      </class> <!-- testNGpack.LinksTesting1 -->
      <class name="testNGpack.CheckBox1">
        <test-method is-config="true" signature="beforeMethod()[pri:0, instance:testNGpack.CheckBox1@60bd273d]" started-at="2024-06-25T07:56:13 IST" name="beforeMethod" finished-at="2024-06-25T07:56:19 IST" duration-ms="6006" status="PASS">
          <reporter-output>
          </reporter-output>
        </test-method> <!-- beforeMethod -->
        <test-method signature="checkboxTest()[pri:0, instance:testNGpack.CheckBox1@60bd273d]" started-at="2024-06-25T07:56:19 IST" name="checkboxTest" finished-at="2024-06-25T07:56:20 IST" duration-ms="706" status="PASS">
          <reporter-output>
          </reporter-output>
        </test-method> <!-- checkboxTest -->
        <test-method is-config="true" signature="afterMethod()[pri:0, instance:testNGpack.CheckBox1@60bd273d]" started-at="2024-06-25T07:56:20 IST" name="afterMethod" finished-at="2024-06-25T07:56:20 IST" duration-ms="614" status="PASS">
          <reporter-output>
          </reporter-output>
        </test-method> <!-- afterMethod -->
      </class> <!-- testNGpack.CheckBox1 -->
      <class name="testNGpack.TNG_002">
        <test-method is-config="true" signature="beforeMethod()[pri:0, instance:testNGpack.TNG_002@4f80542f]" started-at="2024-06-25T07:55:59 IST" name="beforeMethod" finished-at="2024-06-25T07:56:07 IST" duration-ms="7403" status="PASS">
          <reporter-output>
          </reporter-output>
        </test-method> <!-- beforeMethod -->
        <test-method signature="amazon()[pri:0, instance:testNGpack.TNG_002@4f80542f]" started-at="2024-06-25T07:56:07 IST" name="amazon" finished-at="2024-06-25T07:56:12 IST" duration-ms="5058" status="PASS">
          <reporter-output>
          </reporter-output>
        </test-method> <!-- amazon -->
        <test-method is-config="true" signature="afterMethod()[pri:0, instance:testNGpack.TNG_002@4f80542f]" started-at="2024-06-25T07:56:12 IST" name="afterMethod" finished-at="2024-06-25T07:56:13 IST" duration-ms="1369" status="PASS">
          <reporter-output>
          </reporter-output>
        </test-method> <!-- afterMethod -->
      </class> <!-- testNGpack.TNG_002 -->
      <class name="testNGpack.RadioButton1">
        <test-method is-config="true" signature="beforeMethod()[pri:0, instance:testNGpack.RadioButton1@534a5a98]" started-at="2024-06-25T07:55:50 IST" name="beforeMethod" finished-at="2024-06-25T07:55:58 IST" duration-ms="7398" status="PASS">
          <reporter-output>
          </reporter-output>
        </test-method> <!-- beforeMethod -->
        <test-method signature="radioButtonTest()[pri:0, instance:testNGpack.RadioButton1@534a5a98]" started-at="2024-06-25T07:55:58 IST" name="radioButtonTest" finished-at="2024-06-25T07:55:58 IST" duration-ms="663" status="PASS">
          <reporter-output>
          </reporter-output>
        </test-method> <!-- radioButtonTest -->
        <test-method is-config="true" signature="afterMethod()[pri:0, instance:testNGpack.RadioButton1@534a5a98]" started-at="2024-06-25T07:55:58 IST" name="afterMethod" finished-at="2024-06-25T07:55:59 IST" duration-ms="794" status="PASS">
          <reporter-output>
          </reporter-output>
        </test-method> <!-- afterMethod -->
      </class> <!-- testNGpack.RadioButton1 -->
    </test> <!-- AutomationTest -->
  </suite> <!-- AutomationSuite -->
</testng-results>
