<?xml version="1.0" encoding="UTF-8"?>
<testng-results ignored="0" total="4" passed="4" failed="0" skipped="0">
  <reporter-output>
    <line>
      <![CDATA[Clicked on Image Link]]>
    </line>
  </reporter-output>
  <suite started-at="2024-06-27T07:52:16 IST" name="Suite" finished-at="2024-06-27T07:52:49 IST" duration-ms="33146">
    <groups>
      <group name="regression">
        <method signature="CheckBox1.checkboxTest()[pri:0, instance:testNGpack.CheckBox1@6c1a5b54]" name="checkboxTest" class="testNGpack.CheckBox1"/>
        <method signature="LinksTesting1.linktesting1()[pri:0, instance:testNGpack.LinksTesting1@290222c1]" name="linktesting1" class="testNGpack.LinksTesting1"/>
        <method signature="RadioButton1.radioButtonTest()[pri:0, instance:testNGpack.RadioButton1@1ffaf86]" name="radioButtonTest" class="testNGpack.RadioButton1"/>
        <method signature="TNG_002.amazon()[pri:0, instance:testNGpack.TNG_002@6574a52c]" name="amazon" class="testNGpack.TNG_002"/>
      </group> <!-- regression -->
      <group name="smoke">
        <method signature="CheckBox1.checkboxTest()[pri:0, instance:testNGpack.CheckBox1@6c1a5b54]" name="checkboxTest" class="testNGpack.CheckBox1"/>
        <method signature="RadioButton1.radioButtonTest()[pri:0, instance:testNGpack.RadioButton1@1ffaf86]" name="radioButtonTest" class="testNGpack.RadioButton1"/>
      </group> <!-- smoke -->
      <group name="sanity">
        <method signature="TNG_002.amazon()[pri:0, instance:testNGpack.TNG_002@6574a52c]" name="amazon" class="testNGpack.TNG_002"/>
      </group> <!-- sanity -->
    </groups>
    <test started-at="2024-06-27T07:52:16 IST" name="Test" finished-at="2024-06-27T07:52:49 IST" duration-ms="33146">
      <class name="testNGpack.LinksTesting1">
        <test-method is-config="true" signature="setup(java.lang.String)[pri:0, instance:testNGpack.LinksTesting1@290222c1]" started-at="2024-06-27T07:52:16 IST" name="setup" finished-at="2024-06-27T07:52:22 IST" duration-ms="6134" status="PASS">
          <params>
            <param index="0">
              <value>
                <![CDATA[chrome]]>
              </value>
            </param>
          </params>
          <reporter-output>
          </reporter-output>
        </test-method> <!-- setup -->
        <test-method signature="linktesting1()[pri:0, instance:testNGpack.LinksTesting1@290222c1]" started-at="2024-06-27T07:52:22 IST" name="linktesting1" finished-at="2024-06-27T07:52:23 IST" duration-ms="1231" status="PASS">
          <reporter-output>
            <line>
              <![CDATA[Clicked on Image Link]]>
            </line>
          </reporter-output>
        </test-method> <!-- linktesting1 -->
        <test-method is-config="true" signature="tearDown()[pri:0, instance:testNGpack.LinksTesting1@290222c1]" started-at="2024-06-27T07:52:23 IST" name="tearDown" finished-at="2024-06-27T07:52:25 IST" duration-ms="1337" status="PASS">
          <reporter-output>
          </reporter-output>
        </test-method> <!-- tearDown -->
      </class> <!-- testNGpack.LinksTesting1 -->
      <class name="testNGpack.CheckBox1">
        <test-method is-config="true" signature="beforeMethod(java.lang.String)[pri:0, instance:testNGpack.CheckBox1@6c1a5b54]" started-at="2024-06-27T07:52:43 IST" name="beforeMethod" finished-at="2024-06-27T07:52:48 IST" duration-ms="4869" status="PASS">
          <params>
            <param index="0">
              <value>
                <![CDATA[chrome]]>
              </value>
            </param>
          </params>
          <reporter-output>
          </reporter-output>
        </test-method> <!-- beforeMethod -->
        <test-method signature="checkboxTest()[pri:0, instance:testNGpack.CheckBox1@6c1a5b54]" started-at="2024-06-27T07:52:48 IST" name="checkboxTest" finished-at="2024-06-27T07:52:48 IST" duration-ms="242" status="PASS">
          <reporter-output>
          </reporter-output>
        </test-method> <!-- checkboxTest -->
        <test-method is-config="true" signature="afterMethod()[pri:0, instance:testNGpack.CheckBox1@6c1a5b54]" started-at="2024-06-27T07:52:48 IST" name="afterMethod" finished-at="2024-06-27T07:52:49 IST" duration-ms="795" status="PASS">
          <reporter-output>
          </reporter-output>
        </test-method> <!-- afterMethod -->
      </class> <!-- testNGpack.CheckBox1 -->
      <class name="testNGpack.TNG_002">
        <test-method is-config="true" signature="beforeMethod(java.lang.String)[pri:0, instance:testNGpack.TNG_002@6574a52c]" started-at="2024-06-27T07:52:33 IST" name="beforeMethod" finished-at="2024-06-27T07:52:38 IST" duration-ms="5069" status="PASS">
          <params>
            <param index="0">
              <value>
                <![CDATA[chrome]]>
              </value>
            </param>
          </params>
          <reporter-output>
          </reporter-output>
        </test-method> <!-- beforeMethod -->
        <test-method signature="amazon()[pri:0, instance:testNGpack.TNG_002@6574a52c]" started-at="2024-06-27T07:52:38 IST" name="amazon" finished-at="2024-06-27T07:52:43 IST" duration-ms="4604" status="PASS">
          <reporter-output>
          </reporter-output>
        </test-method> <!-- amazon -->
        <test-method is-config="true" signature="afterMethod()[pri:0, instance:testNGpack.TNG_002@6574a52c]" started-at="2024-06-27T07:52:43 IST" name="afterMethod" finished-at="2024-06-27T07:52:43 IST" duration-ms="585" status="PASS">
          <reporter-output>
          </reporter-output>
        </test-method> <!-- afterMethod -->
      </class> <!-- testNGpack.TNG_002 -->
      <class name="testNGpack.RadioButton1">
        <test-method is-config="true" signature="beforeMethod(java.lang.String)[pri:0, instance:testNGpack.RadioButton1@1ffaf86]" started-at="2024-06-27T07:52:25 IST" name="beforeMethod" finished-at="2024-06-27T07:52:32 IST" duration-ms="6715" status="PASS">
          <params>
            <param index="0">
              <value>
                <![CDATA[chrome]]>
              </value>
            </param>
          </params>
          <reporter-output>
          </reporter-output>
        </test-method> <!-- beforeMethod -->
        <test-method signature="radioButtonTest()[pri:0, instance:testNGpack.RadioButton1@1ffaf86]" started-at="2024-06-27T07:52:32 IST" name="radioButtonTest" finished-at="2024-06-27T07:52:32 IST" duration-ms="725" status="PASS">
          <reporter-output>
          </reporter-output>
        </test-method> <!-- radioButtonTest -->
        <test-method is-config="true" signature="afterMethod()[pri:0, instance:testNGpack.RadioButton1@1ffaf86]" started-at="2024-06-27T07:52:32 IST" name="afterMethod" finished-at="2024-06-27T07:52:33 IST" duration-ms="747" status="PASS">
          <reporter-output>
          </reporter-output>
        </test-method> <!-- afterMethod -->
      </class> <!-- testNGpack.RadioButton1 -->
    </test> <!-- Test -->
  </suite> <!-- Suite -->
</testng-results>
