<?xml version="1.0" encoding="UTF-8"?>
<!-- Generated by org.testng.reporters.JUnitXMLReporter -->
<testsuite ignored="0" hostname="DESKTOP-AU847K4" failures="0" tests="4" name="AutomationTest" time="113.873" errors="0" timestamp="2024-06-26T07:21:05 IST">
  <testcase classname="testNGpack.LinksTesting1" name="linktesting1" time="1.784"/>
  <testcase classname="testNGpack.RadioButton1" name="radioButtonTest" time="0.286"/>
  <testcase classname="testNGpack.TNG_002" name="amazon" time="3.588"/>
  <testcase classname="testNGpack.CheckBox1" name="checkboxTest" time="0.161"/>
</testsuite> <!-- AutomationTest -->
