<?xml version="1.0" encoding="UTF-8"?>
<!-- Generated by org.testng.reporters.JUnitXMLReporter -->
<testsuite ignored="0" hostname="DESKTOP-AU847K4" failures="0" tests="4" name="AutomationTest" time="39.465" errors="0" timestamp="2024-06-25T07:56:20 IST">
  <testcase classname="testNGpack.LinksTesting1" name="linktesting1" time="2.902"/>
  <testcase classname="testNGpack.RadioButton1" name="radioButtonTest" time="0.663"/>
  <testcase classname="testNGpack.TNG_002" name="amazon" time="5.058"/>
  <testcase classname="testNGpack.CheckBox1" name="checkboxTest" time="0.706"/>
</testsuite> <!-- AutomationTest -->
