<?xml version="1.0" encoding="UTF-8"?>
<!-- Generated by org.testng.reporters.JUnitXMLReporter -->
<testsuite ignored="0" hostname="DESKTOP-AU847K4" failures="0" tests="4" name="ChromeTest" time="37.038" errors="0" timestamp="2024-06-26T07:25:32 IST">
  <testcase classname="testNGpack.LinksTesting1" name="linktesting1" time="1.625"/>
  <testcase classname="testNGpack.RadioButton1" name="radioButtonTest" time="0.404"/>
  <testcase classname="testNGpack.TNG_002" name="amazon" time="8.6"/>
  <testcase classname="testNGpack.CheckBox1" name="checkboxTest" time="0.253"/>
</testsuite> <!-- ChromeTest -->
