<?xml version="1.0" encoding="UTF-8"?>
<!-- Generated by org.testng.reporters.JUnitXMLReporter -->
<testsuite ignored="0" hostname="DESKTOP-AU847K4" failures="0" tests="4" name="FirefoxTest" time="59.135" errors="0" timestamp="2024-06-26T07:26:32 IST">
  <testcase classname="testNGpack.LinksTesting1" name="linktesting1" time="1.598"/>
  <testcase classname="testNGpack.RadioButton1" name="radioButtonTest" time="0.221"/>
  <testcase classname="testNGpack.TNG_002" name="amazon" time="4.32"/>
  <testcase classname="testNGpack.CheckBox1" name="checkboxTest" time="0.248"/>
</testsuite> <!-- FirefoxTest -->
