<?xml version="1.0" encoding="UTF-8"?>
<!-- Generated by org.testng.reporters.JUnitXMLReporter -->
<testsuite ignored="0" hostname="DESKTOP-AU847K4" failures="0" tests="4" name="Default test" time="0.152" errors="0" timestamp="2024-06-28T07:28:48 IST">
  <testcase classname="testNGpack.TestDependency" name="orange" time="0.019"/>
  <testcase classname="testNGpack.TestDependency" name="white" time="0.004"/>
  <testcase classname="testNGpack.TestDependency" name="blue" time="0.013">
    <skipped/>
  </testcase> <!-- blue -->
  <testcase classname="testNGpack.TestDependency" name="green" time="0.0">
    <skipped/>
  </testcase> <!-- green -->
</testsuite> <!-- Default test -->
