<?xml version="1.0" encoding="UTF-8"?>
<!-- Generated by org.testng.reporters.JUnitXMLReporter -->
<testsuite ignored="0" hostname="DESKTOP-AU847K4" failures="0" tests="4" name="Test" time="33.146" errors="0" timestamp="2024-06-27T07:52:49 IST">
  <testcase classname="testNGpack.LinksTesting1" name="linktesting1" time="1.231"/>
  <testcase classname="testNGpack.RadioButton1" name="radioButtonTest" time="0.725"/>
  <testcase classname="testNGpack.TNG_002" name="amazon" time="4.604"/>
  <testcase classname="testNGpack.CheckBox1" name="checkboxTest" time="0.242"/>
</testsuite> <!-- Test -->
